<?xml version="1.0" encoding="UTF-8"?>
<!-- Generated by org.testng.reporters.JUnitReportReporter -->
<testsuite hostname="DESKTOP-QNHJ5Q7" name="seleniumPracticeOct19.HandleCheckBoxRadioButton" tests="1" failures="0" timestamp="20 Oct 2022 05:25:00 GMT" time="4.905" errors="0">
  <testcase name="handleCheckbox" time="4.905" classname="seleniumPracticeOct19.HandleCheckBoxRadioButton"/>
</testsuite> <!-- seleniumPracticeOct19.HandleCheckBoxRadioButton -->
