<?xml version="1.0" encoding="UTF-8"?>
<!-- Generated by org.testng.reporters.JUnitReportReporter -->
<testsuite hostname="DESKTOP-QNHJ5Q7" name="seleniumPracticeOct20.rutoExercise" tests="1" failures="0" timestamp="20 Oct 2022 05:59:11 GMT" time="1.327" errors="0">
  <testcase name="testApp" time="1.327" classname="seleniumPracticeOct20.rutoExercise"/>
</testsuite> <!-- seleniumPracticeOct20.rutoExercise -->
