<?xml version="1.0" encoding="UTF-8"?>
<!-- Generated by org.testng.reporters.JUnitReportReporter -->
<testsuite hostname="DESKTOP-QNHJ5Q7" name="seleniumPracticeOct20.AlertPractice" tests="2" failures="0" timestamp="20 Oct 2022 06:55:48 GMT" time="15.612" errors="0">
  <testcase name="confirmAlert" time="12.172" classname="seleniumPracticeOct20.AlertPractice"/>
  <testcase name="AlertTry" time="3.440" classname="seleniumPracticeOct20.AlertPractice"/>
</testsuite> <!-- seleniumPracticeOct20.AlertPractice -->
